This is pdfTeX, Version 3.141592653-2.6-1.40.24 (MiKTeX 22.3) (preloaded format=pdflatex 2022.5.5)  19 AUG 2022 14:32
entering extended mode
 restricted \write18 enabled.
 %&-line parsing enabled.
**C:/Users/D1TMP02/Documents/WPs/Diff_asset_tax/main/main.tex
(C:/Users/D1TMP02/Documents/WPs/Diff_asset_tax/main/main.tex
LaTeX2e <2021-11-15> patch level 1
L3 programming layer <2022-04-29>
(C:\RES IT Programs\MikTex\tex/latex/base\article.cls
Document Class: article 2021/10/04 v1.4n Standard LaTeX document class
(C:\RES IT Programs\MikTex\tex/latex/base\size11.clo
File: size11.clo 2021/10/04 v1.4n Standard LaTeX file (size option)
)
\c@part=\count185
\c@section=\count186
\c@subsection=\count187
\c@subsubsection=\count188
\c@paragraph=\count189
\c@subparagraph=\count190
\c@figure=\count191
\c@table=\count192
\abovecaptionskip=\skip47
\belowcaptionskip=\skip48
\bibindent=\dimen138
)
(C:\RES IT Programs\MikTex\tex/latex/geometry\geometry.sty
Package: geometry 2020/01/02 v5.9 Page Geometry

(C:\RES IT Programs\MikTex\tex/latex/graphics\keyval.sty
Package: keyval 2014/10/28 v1.15 key=value parser (DPC)
\KV@toks@=\toks16
)
(C:\RES IT Programs\MikTex\tex/generic/iftex\ifvtex.sty
Package: ifvtex 2019/10/25 v1.7 ifvtex legacy package. Use iftex instead.

(C:\RES IT Programs\MikTex\tex/generic/iftex\iftex.sty
Package: iftex 2022/02/03 v1.0f TeX engine tests
))
\Gm@cnth=\count193
\Gm@cntv=\count194
\c@Gm@tempcnt=\count195
\Gm@bindingoffset=\dimen139
\Gm@wd@mp=\dimen140
\Gm@odd@mp=\dimen141
\Gm@even@mp=\dimen142
\Gm@layoutwidth=\dimen143
\Gm@layoutheight=\dimen144
\Gm@layouthoffset=\dimen145
\Gm@layoutvoffset=\dimen146
\Gm@dimlist=\toks17

(C:\RES IT Programs\MikTex\tex/latex/geometry\geometry.cfg))
(C:\RES IT Programs\MikTex\tex/latex/booktabs\booktabs.sty
Package: booktabs 2020/01/12 v1.61803398 Publication quality tables
\heavyrulewidth=\dimen147
\lightrulewidth=\dimen148
\cmidrulewidth=\dimen149
\belowrulesep=\dimen150
\belowbottomsep=\dimen151
\aboverulesep=\dimen152
\abovetopsep=\dimen153
\cmidrulesep=\dimen154
\cmidrulekern=\dimen155
\defaultaddspace=\dimen156
\@cmidla=\count196
\@cmidlb=\count197
\@aboverulesep=\dimen157
\@belowrulesep=\dimen158
\@thisruleclass=\count198
\@lastruleclass=\count199
\@thisrulewidth=\dimen159
)
(C:\RES IT Programs\MikTex\tex/latex/siunitx\siunitx.sty
Package: siunitx 2022-05-03 v3.1.1 A comprehensive (SI) units package
\l__siunitx_angle_tmp_dim=\dimen160
\l__siunitx_angle_marker_box=\box50
\l__siunitx_angle_unit_box=\box51
\l__siunitx_compound_count_int=\count266

(C:\RES IT Programs\MikTex\tex/latex/translations\translations.sty
Package: translations 2022/02/05 v1.12 internationalization of LaTeX2e packages
 (CN)

(C:\RES IT Programs\MikTex\tex/latex/etoolbox\etoolbox.sty
Package: etoolbox 2020/10/05 v2.5k e-TeX tools for LaTeX (JAW)
\etb@tempcnta=\count267
)
(C:\Users\D1TMP02\AppData\Roaming\MiKTeX\2.9\tex/generic/pdftexcmds\pdftexcmds.
sty
Package: pdftexcmds 2020-06-27 v0.33 Utility functions of pdfTeX for LuaTeX (HO
)

(C:\Users\D1TMP02\AppData\Roaming\MiKTeX\2.9\tex/generic/infwarerr\infwarerr.st
y
Package: infwarerr 2019/12/03 v1.5 Providing info/warning/error messages (HO)
) (C:\Users\D1TMP02\AppData\Roaming\MiKTeX\2.9\tex/generic/ltxcmds\ltxcmds.sty
Package: ltxcmds 2020-05-10 v1.25 LaTeX kernel commands for general use (HO)
)
Package pdftexcmds Info: \pdf@primitive is available.
Package pdftexcmds Info: \pdf@ifprimitive is available.
Package pdftexcmds Info: \pdfdraftmode found.
))
\l__siunitx_number_exponent_fixed_int=\count268
\l__siunitx_number_min_decimal_int=\count269
\l__siunitx_number_min_integer_int=\count270
\l__siunitx_number_round_precision_int=\count271
\l__siunitx_number_group_first_int=\count272
\l__siunitx_number_group_size_int=\count273
\l__siunitx_number_group_minimum_int=\count274
 (C:\RES IT Programs\MikTex\tex/latex/amsmath\amstext.sty
Package: amstext 2021/08/26 v2.01 AMS text

(C:\RES IT Programs\MikTex\tex/latex/amsmath\amsgen.sty
File: amsgen.sty 1999/11/30 v2.0 generic functions
\@emptytoks=\toks18
\ex@=\dimen161
))
\l__siunitx_table_tmp_box=\box52
\l__siunitx_table_tmp_dim=\dimen162
\l__siunitx_table_column_width_dim=\dimen163
\l__siunitx_table_integer_box=\box53
\l__siunitx_table_decimal_box=\box54
\l__siunitx_table_before_box=\box55
\l__siunitx_table_after_box=\box56
\l__siunitx_table_before_dim=\dimen164
\l__siunitx_table_carry_dim=\dimen165
\l__siunitx_unit_tmp_int=\count275
\l__siunitx_unit_position_int=\count276
\l__siunitx_unit_total_int=\count277

(C:\RES IT Programs\MikTex\tex/latex/l3packages/l3keys2e\l3keys2e.sty
(C:\RES IT Programs\MikTex\tex/latex/l3kernel\expl3.sty
Package: expl3 2022-04-29 L3 programming layer (loader) 

(C:\Users\D1TMP02\AppData\Roaming\MiKTeX\2.9\tex/latex/l3backend\l3backend-pdft
ex.def
File: l3backend-pdftex.def 2022-04-20 L3 backend support: PDF output (pdfTeX)
\l__color_backend_stack_int=\count278
\l__pdf_internal_box=\box57
))
Package: l3keys2e 2022-01-12 LaTeX2e option processing using LaTeX3 keys
)
(C:\Users\D1TMP02\AppData\Roaming\MiKTeX\2.9\tex/latex/tools\array.sty
Package: array 2021/10/04 v2.5f Tabular extension package (FMi)
\col@sep=\dimen166
\ar@mcellbox=\box58
\extrarowheight=\dimen167
\NC@list=\toks19
\extratabsurround=\skip49
\backup@length=\skip50
\ar@cellbox=\box59
))
(C:\Users\D1TMP02\AppData\Roaming\MiKTeX\2.9\tex/latex/tools\tabularx.sty
Package: tabularx 2020/01/15 v2.11c `tabularx' package (DPC)
\TX@col@width=\dimen168
\TX@old@table=\dimen169
\TX@old@col=\dimen170
\TX@target=\dimen171
\TX@delta=\dimen172
\TX@cols=\count279
\TX@ftn=\toks20
)
(C:\Users\D1TMP02\AppData\Roaming\MiKTeX\2.9\tex/latex/ragged2e\ragged2e.sty
Package: ragged2e 2021/12/15 v3.1 ragged2e Package
\CenteringLeftskip=\skip51
\RaggedLeftLeftskip=\skip52
\RaggedRightLeftskip=\skip53
\CenteringRightskip=\skip54
\RaggedLeftRightskip=\skip55
\RaggedRightRightskip=\skip56
\CenteringParfillskip=\skip57
\RaggedLeftParfillskip=\skip58
\RaggedRightParfillskip=\skip59
\JustifyingParfillskip=\skip60
\CenteringParindent=\skip61
\RaggedLeftParindent=\skip62
\RaggedRightParindent=\skip63
\JustifyingParindent=\skip64
)
(C:\RES IT Programs\MikTex\tex/latex/caption\caption.sty
Package: caption 2022/03/01 v3.6b Customizing captions (AR)

(C:\RES IT Programs\MikTex\tex/latex/caption\caption3.sty
Package: caption3 2022/03/17 v2.3b caption3 kernel (AR)
\caption@tempdima=\dimen173
\captionmargin=\dimen174
\caption@leftmargin=\dimen175
\caption@rightmargin=\dimen176
\caption@width=\dimen177
\caption@indent=\dimen178
\caption@parindent=\dimen179
\caption@hangindent=\dimen180
Package caption Info: Standard document class detected.
)
\c@caption@flags=\count280
\c@continuedfloat=\count281
)
(C:\RES IT Programs\MikTex\tex/latex/base\fontenc.sty
Package: fontenc 2021/04/29 v2.0v Standard LaTeX package
)
(C:\RES IT Programs\MikTex\tex/latex/base\inputenc.sty
Package: inputenc 2021/02/14 v1.3d Input encoding file
\inpenc@prehook=\toks21
\inpenc@posthook=\toks22
)
(C:\RES IT Programs\MikTex\tex/generic/babel\babel.sty
Package: babel 2022/04/30 3.74 The Babel package
\babel@savecnt=\count282
\U@D=\dimen181
\l@unhyphenated=\language82

(C:\RES IT Programs\MikTex\tex/generic/babel\txtbabel.def)
\bbl@readstream=\read2
\bbl@dirlevel=\count283

*************************************
* Local config file bblopts.cfg used
*
(C:\RES IT Programs\MikTex\tex/latex/arabi\bblopts.cfg
File: bblopts.cfg 2005/09/08 v0.1 add Arabic and Farsi to "declared" options of
 babel
)
(C:\RES IT Programs\MikTex\tex/latex/babel-english\english.ldf
Language: english 2017/06/06 v3.3r English support from the babel system
Package babel Info: Hyphen rules for 'canadian' set to \l@english
(babel)             (\language0). Reported on input line 102.
Package babel Info: Hyphen rules for 'australian' set to \l@ukenglish
(babel)             (\language76). Reported on input line 105.
Package babel Info: Hyphen rules for 'newzealand' set to \l@ukenglish
(babel)             (\language76). Reported on input line 108.
))
(C:\RES IT Programs\MikTex\tex/latex/natbib\natbib.sty
Package: natbib 2010/09/13 8.31b (PWD, AO)
\bibhang=\skip65
\bibsep=\skip66
LaTeX Info: Redefining \cite on input line 694.
\c@NAT@ctr=\count284
)
(C:\Users\D1TMP02\AppData\Roaming\MiKTeX\2.9\tex/latex/bookmark\bookmark.sty
Package: bookmark 2020-11-06 v1.29 PDF bookmarks (HO)

(C:\RES IT Programs\MikTex\tex/latex/hyperref\hyperref.sty
Package: hyperref 2022-02-21 v7.00n Hypertext links for LaTeX

(C:\Users\D1TMP02\AppData\Roaming\MiKTeX\2.9\tex/generic/kvsetkeys\kvsetkeys.st
y
Package: kvsetkeys 2019/12/15 v1.18 Key value parser (HO)
)
(C:\Users\D1TMP02\AppData\Roaming\MiKTeX\2.9\tex/generic/kvdefinekeys\kvdefinek
eys.sty
Package: kvdefinekeys 2019-12-19 v1.6 Define keys (HO)
)
(C:\Users\D1TMP02\AppData\Roaming\MiKTeX\2.9\tex/generic/pdfescape\pdfescape.st
y
Package: pdfescape 2019/12/09 v1.15 Implements pdfTeX's escape features (HO)
) (C:\Users\D1TMP02\AppData\Roaming\MiKTeX\2.9\tex/latex/hycolor\hycolor.sty
Package: hycolor 2020-01-27 v1.10 Color options for hyperref/bookmark (HO)
)
(C:\Users\D1TMP02\AppData\Roaming\MiKTeX\2.9\tex/latex/letltxmacro\letltxmacro.
sty
Package: letltxmacro 2019/12/03 v1.6 Let assignment for LaTeX macros (HO)
) (C:\Users\D1TMP02\AppData\Roaming\MiKTeX\2.9\tex/latex/auxhook\auxhook.sty
Package: auxhook 2019-12-17 v1.6 Hooks for auxiliary files (HO)
)
(C:\Users\D1TMP02\AppData\Roaming\MiKTeX\2.9\tex/latex/kvoptions\kvoptions.sty
Package: kvoptions 2020-10-07 v3.14 Key value format for package options (HO)
)
\@linkdim=\dimen182
\Hy@linkcounter=\count285
\Hy@pagecounter=\count286
(C:\RES IT Programs\MikTex\tex/latex/hyperref\pd1enc.def
File: pd1enc.def 2022-02-21 v7.00n Hyperref: PDFDocEncoding definition (HO)
Now handling font encoding PD1 ...
... no UTF-8 mapping file for font encoding PD1
)
(C:\Users\D1TMP02\AppData\Roaming\MiKTeX\2.9\tex/generic/intcalc\intcalc.sty
Package: intcalc 2019/12/15 v1.3 Expandable calculations with integers (HO)
)
(C:\Users\D1TMP02\AppData\Roaming\MiKTeX\2.9\tex/generic/etexcmds\etexcmds.sty
Package: etexcmds 2019/12/15 v1.7 Avoid name clashes with e-TeX commands (HO)
)
\Hy@SavedSpaceFactor=\count287
(C:\RES IT Programs\MikTex\tex/latex/hyperref\puenc.def
File: puenc.def 2022-02-21 v7.00n Hyperref: PDF Unicode definition (HO)
Now handling font encoding PU ...
... no UTF-8 mapping file for font encoding PU
)
Package hyperref Info: Hyper figures OFF on input line 4137.
Package hyperref Info: Link nesting OFF on input line 4142.
Package hyperref Info: Hyper index ON on input line 4145.
Package hyperref Info: Plain pages OFF on input line 4152.
Package hyperref Info: Backreferencing OFF on input line 4157.
Package hyperref Info: Implicit mode ON; LaTeX internals redefined.
Package hyperref Info: Bookmarks ON on input line 4390.
\c@Hy@tempcnt=\count288

(C:\RES IT Programs\MikTex\tex/latex/url\url.sty
\Urlmuskip=\muskip16
Package: url 2013/09/16  ver 3.4  Verb mode for urls, etc.
)
LaTeX Info: Redefining \url on input line 4749.
\XeTeXLinkMargin=\dimen183

(C:\Users\D1TMP02\AppData\Roaming\MiKTeX\2.9\tex/generic/bitset\bitset.sty
Package: bitset 2019/12/09 v1.3 Handle bit-vector datatype (HO)

(C:\Users\D1TMP02\AppData\Roaming\MiKTeX\2.9\tex/generic/bigintcalc\bigintcalc.
sty
Package: bigintcalc 2019/12/15 v1.5 Expandable calculations on big integers (HO
)
))
\Fld@menulength=\count289
\Field@Width=\dimen184
\Fld@charsize=\dimen185
Package hyperref Info: Hyper figures OFF on input line 6027.
Package hyperref Info: Link nesting OFF on input line 6032.
Package hyperref Info: Hyper index ON on input line 6035.
Package hyperref Info: backreferencing OFF on input line 6042.
Package hyperref Info: Link coloring OFF on input line 6047.
Package hyperref Info: Link coloring with OCG OFF on input line 6052.
Package hyperref Info: PDF/A mode OFF on input line 6057.
LaTeX Info: Redefining \ref on input line 6097.
LaTeX Info: Redefining \pageref on input line 6101.
 (C:\RES IT Programs\MikTex\tex/latex/base\atbegshi-ltx.sty
Package: atbegshi-ltx 2021/01/10 v1.0c Emulation of the original atbegshi
package with kernel methods
)
\Hy@abspage=\count290
\c@Item=\count291
\c@Hfootnote=\count292
)
Package hyperref Info: Driver (autodetected): hpdftex.

(C:\RES IT Programs\MikTex\tex/latex/hyperref\hpdftex.def
File: hpdftex.def 2022-02-21 v7.00n Hyperref driver for pdfTeX

(C:\RES IT Programs\MikTex\tex/latex/base\atveryend-ltx.sty
Package: atveryend-ltx 2020/08/19 v1.0a Emulation of the original atveryend pac
kage
with kernel methods
)
\Fld@listcount=\count293
\c@bookmark@seq@number=\count294

(C:\Users\D1TMP02\AppData\Roaming\MiKTeX\2.9\tex/latex/rerunfilecheck\rerunfile
check.sty
Package: rerunfilecheck 2019/12/05 v1.9 Rerun checks for auxiliary files (HO)

(C:\Users\D1TMP02\AppData\Roaming\MiKTeX\2.9\tex/generic/uniquecounter\uniqueco
unter.sty
Package: uniquecounter 2019/12/15 v1.4 Provide unlimited unique counter (HO)
)
Package uniquecounter Info: New unique counter `rerunfilecheck' on input line 2
86.
)
\Hy@SectionHShift=\skip67
)
(C:\Users\D1TMP02\AppData\Roaming\MiKTeX\2.9\tex/latex/bookmark\bkm-pdftex.def
File: bkm-pdftex.def 2020-11-06 v1.29 bookmark driver for pdfTeX (HO)
\BKM@id=\count295
)) (C:\RES IT Programs\MikTex\tex/latex/float\float.sty
Package: float 2001/11/08 v1.3d Float enhancements (AL)
\c@float@type=\count296
\float@exts=\toks23
\float@box=\box60
\@float@everytoks=\toks24
\@floatcapt=\box61
)
(C:\RES IT Programs\MikTex\tex/latex/etoc\etoc.sty
Package: etoc 2021/09/23 v1.09e Completely customisable TOCs (JFB)

(C:\Users\D1TMP02\AppData\Roaming\MiKTeX\2.9\tex/latex/tools\multicol.sty
Package: multicol 2021/10/28 v1.9b multicolumn formatting (FMi)
\c@tracingmulticols=\count297
\mult@box=\box62
\multicol@leftmargin=\dimen186
\c@unbalance=\count298
\c@collectmore=\count299
\doublecol@number=\count300
\multicoltolerance=\count301
\multicolpretolerance=\count302
\full@width=\dimen187
\page@free=\dimen188
\premulticols=\dimen189
\postmulticols=\dimen190
\multicolsep=\skip68
\multicolbaselineskip=\skip69
\partial@page=\box63
\last@line=\box64
\maxbalancingoverflow=\dimen191
\mult@rightbox=\box65
\mult@grightbox=\box66
\mult@firstbox=\box67
\mult@gfirstbox=\box68
\@tempa=\box69
\@tempa=\box70
\@tempa=\box71
\@tempa=\box72
\@tempa=\box73
\@tempa=\box74
\@tempa=\box75
\@tempa=\box76
\@tempa=\box77
\@tempa=\box78
\@tempa=\box79
\@tempa=\box80
\@tempa=\box81
\@tempa=\box82
\@tempa=\box83
\@tempa=\box84
\@tempa=\box85
\@tempa=\box86
\@tempa=\box87
\@tempa=\box88
\@tempa=\box89
\@tempa=\box90
\@tempa=\box91
\@tempa=\box92
\@tempa=\box93
\@tempa=\box94
\@tempa=\box95
\@tempa=\box96
\@tempa=\box97
\@tempa=\box98
\@tempa=\box99
\@tempa=\box100
\@tempa=\box101
\@tempa=\box102
\@tempa=\box103
\@tempa=\box104
\c@minrows=\count303
\c@columnbadness=\count304
\c@finalcolumnbadness=\count305
\last@try=\dimen192
\multicolovershoot=\dimen193
\multicolundershoot=\dimen194
\mult@nat@firstbox=\box105
\colbreak@box=\box106
\mc@col@check@num=\count306
)
\Etoc@toctoks=\toks25
\c@etoc@tocid=\count307
\c@etoc@tocdepth=\count308
\etoc@framed@titlebox=\box107
\etoc@framed@contentsbox=\box108
)
(C:\RES IT Programs\MikTex\tex/latex/graphics\graphicx.sty
Package: graphicx 2021/09/16 v1.2d Enhanced LaTeX Graphics (DPC,SPQR)

(C:\RES IT Programs\MikTex\tex/latex/graphics\graphics.sty
Package: graphics 2021/03/04 v1.4d Standard LaTeX Graphics (DPC,SPQR)

(C:\RES IT Programs\MikTex\tex/latex/graphics\trig.sty
Package: trig 2021/08/11 v1.11 sin cos tan (DPC)
)
(C:\RES IT Programs\MikTex\tex/latex/graphics-cfg\graphics.cfg
File: graphics.cfg 2016/06/04 v1.11 sample graphics configuration
)
Package graphics Info: Driver file: pdftex.def on input line 107.

(C:\RES IT Programs\MikTex\tex/latex/graphics-def\pdftex.def
File: pdftex.def 2020/10/05 v1.2a Graphics/color driver for pdftex
))
\Gin@req@height=\dimen195
\Gin@req@width=\dimen196
)
(C:\Users\D1TMP02\AppData\Roaming\MiKTeX\2.9\tex/latex/epstopdf-pkg\epstopdf.st
y
Package: epstopdf 2020-01-24 v2.11 Conversion with epstopdf on the fly (HO)
 (C:\Users\D1TMP02\AppData\Roaming\MiKTeX\2.9\tex/latex/grfext\grfext.sty
Package: grfext 2019/12/03 v1.3 Manage graphics extensions (HO)
)
(C:\Users\D1TMP02\AppData\Roaming\MiKTeX\2.9\tex/latex/epstopdf-pkg\epstopdf-ba
se.sty
Package: epstopdf-base 2020-01-24 v2.11 Base part for package epstopdf
Package epstopdf-base Info: Redefining graphics rule for `.eps' on input line 4
85.
Package grfext Info: Graphics extension search list:
(grfext)             [.pdf,.png,.jpg,.mps,.jpeg,.jbig2,.jb2,.PDF,.PNG,.JPG,.JPE
G,.JBIG2,.JB2,.eps]
(grfext)             \AppendGraphicsExtensions on input line 504.
 (C:\RES IT Programs\MikTex\tex/latex/00miktex\epstopdf-sys.cfg
File: epstopdf-sys.cfg 2021/03/18 v2.0 Configuration of epstopdf for MiKTeX
)))
(C:\RES IT Programs\MikTex\tex/latex/xcolor\xcolor.sty
Package: xcolor 2021/10/31 v2.13 LaTeX color extensions (UK)

(C:\RES IT Programs\MikTex\tex/latex/graphics-cfg\color.cfg
File: color.cfg 2016/01/02 v1.6 sample color configuration
)
Package xcolor Info: Driver file: pdftex.def on input line 227.
Package xcolor Info: Model `cmy' substituted by `cmy0' on input line 1352.
Package xcolor Info: Model `hsb' substituted by `rgb' on input line 1356.
Package xcolor Info: Model `RGB' extended on input line 1368.
Package xcolor Info: Model `HTML' substituted by `rgb' on input line 1370.
Package xcolor Info: Model `Hsb' substituted by `hsb' on input line 1371.
Package xcolor Info: Model `tHsb' substituted by `hsb' on input line 1372.
Package xcolor Info: Model `HSB' substituted by `hsb' on input line 1373.
Package xcolor Info: Model `Gray' substituted by `gray' on input line 1374.
Package xcolor Info: Model `wave' substituted by `hsb' on input line 1375.
)
Package hyperref Info: Option `colorlinks' set `true' on input line 20.

(C:\RES IT Programs\MikTex\tex/latex/amsfonts\amssymb.sty
Package: amssymb 2013/01/14 v3.01 AMS font symbols

(C:\RES IT Programs\MikTex\tex/latex/amsfonts\amsfonts.sty
Package: amsfonts 2013/01/14 v3.01 Basic AMSFonts support
\symAMSa=\mathgroup4
\symAMSb=\mathgroup5
LaTeX Font Info:    Redeclaring math symbol \hbar on input line 98.
LaTeX Font Info:    Overwriting math alphabet `\mathfrak' in version `bold'
(Font)                  U/euf/m/n --> U/euf/b/n on input line 106.
))
(C:\RES IT Programs\MikTex\tex/latex/amscls\amsthm.sty
Package: amsthm 2020/05/29 v2.20.6
\thm@style=\toks26
\thm@bodyfont=\toks27
\thm@headfont=\toks28
\thm@notefont=\toks29
\thm@headpunct=\toks30
\thm@preskip=\skip70
\thm@postskip=\skip71
\thm@headsep=\skip72
\dth@everypar=\toks31
)
(C:\RES IT Programs\MikTex\tex/latex/amsmath\amsmath.sty
Package: amsmath 2021/10/15 v2.17l AMS math features
\@mathmargin=\skip73

For additional information on amsmath, use the `?' option.
(C:\RES IT Programs\MikTex\tex/latex/amsmath\amsbsy.sty
Package: amsbsy 1999/11/29 v1.2d Bold Symbols
\pmbraise@=\dimen197
)
(C:\RES IT Programs\MikTex\tex/latex/amsmath\amsopn.sty
Package: amsopn 2021/08/26 v2.02 operator names
)
\inf@bad=\count309
LaTeX Info: Redefining \frac on input line 234.
\uproot@=\count310
\leftroot@=\count311
LaTeX Info: Redefining \overline on input line 399.
\classnum@=\count312
\DOTSCASE@=\count313
LaTeX Info: Redefining \ldots on input line 496.
LaTeX Info: Redefining \dots on input line 499.
LaTeX Info: Redefining \cdots on input line 620.
\Mathstrutbox@=\box109
\strutbox@=\box110
\big@size=\dimen198
LaTeX Font Info:    Redeclaring font encoding OML on input line 743.
LaTeX Font Info:    Redeclaring font encoding OMS on input line 744.
\macc@depth=\count314
\c@MaxMatrixCols=\count315
\dotsspace@=\muskip17
\c@parentequation=\count316
\dspbrk@lvl=\count317
\tag@help=\toks32
\row@=\count318
\column@=\count319
\maxfields@=\count320
\andhelp@=\toks33
\eqnshift@=\dimen199
\alignsep@=\dimen256
\tagshift@=\dimen257
\tagwidth@=\dimen258
\totwidth@=\dimen259
\lineht@=\dimen260
\@envbody=\toks34
\multlinegap=\skip74
\multlinetaggap=\skip75
\mathdisplay@stack=\toks35
LaTeX Info: Redefining \[ on input line 2938.
LaTeX Info: Redefining \] on input line 2939.
)
(C:\RES IT Programs\MikTex\tex/latex/base\latexsym.sty
Package: latexsym 1998/08/17 v2.2e Standard LaTeX package (lasy symbols)
\symlasy=\mathgroup6
LaTeX Font Info:    Overwriting symbol font `lasy' in version `bold'
(Font)                  U/lasy/m/n --> U/lasy/b/n on input line 52.
)
\c@thm=\count321
\c@conj=\count322
\c@defn=\count323
\c@exmp=\count324
\c@assump=\count325
\c@rmk=\count326
\c@exer=\count327
\c@sol=\count328
\c@property=\count329
\c@cond=\count330
\c@example0=\count331

No file main.aux.
\openout1 = `main.aux'.

LaTeX Font Info:    Checking defaults for OML/cmm/m/it on input line 46.
LaTeX Font Info:    ... okay on input line 46.
LaTeX Font Info:    Checking defaults for OMS/cmsy/m/n on input line 46.
LaTeX Font Info:    ... okay on input line 46.
LaTeX Font Info:    Checking defaults for OT1/cmr/m/n on input line 46.
LaTeX Font Info:    ... okay on input line 46.
LaTeX Font Info:    Checking defaults for T1/cmr/m/n on input line 46.
LaTeX Font Info:    ... okay on input line 46.
LaTeX Font Info:    Checking defaults for TS1/cmr/m/n on input line 46.
LaTeX Font Info:    ... okay on input line 46.
LaTeX Font Info:    Checking defaults for OMX/cmex/m/n on input line 46.
LaTeX Font Info:    ... okay on input line 46.
LaTeX Font Info:    Checking defaults for U/cmr/m/n on input line 46.
LaTeX Font Info:    ... okay on input line 46.
LaTeX Font Info:    Checking defaults for PD1/pdf/m/n on input line 46.
LaTeX Font Info:    ... okay on input line 46.
LaTeX Font Info:    Checking defaults for PU/pdf/m/n on input line 46.
LaTeX Font Info:    ... okay on input line 46.
*geometry* driver: auto-detecting
*geometry* detected driver: pdftex
*geometry* verbose mode - [ preamble ] result:
* driver: pdftex
* paper: <default>
* layout: <same size as paper>
* layoutoffset:(h,v)=(0.0pt,0.0pt)
* modes: 
* h-part:(L,W,R)=(92.14519pt, 430.00462pt, 92.14519pt)
* v-part:(T,H,B)=(95.39737pt, 556.47656pt, 143.09605pt)
* \paperwidth=614.295pt
* \paperheight=794.96999pt
* \textwidth=430.00462pt
* \textheight=556.47656pt
* \oddsidemargin=19.8752pt
* \evensidemargin=19.8752pt
* \topmargin=-13.87262pt
* \headheight=12.0pt
* \headsep=25.0pt
* \topskip=11.0pt
* \footskip=30.0pt
* \marginparwidth=59.0pt
* \marginparsep=10.0pt
* \columnsep=10.0pt
* \skip\footins=10.0pt plus 4.0pt minus 2.0pt
* \hoffset=0.0pt
* \voffset=0.0pt
* \mag=1000
* \@twocolumnfalse
* \@twosidefalse
* \@mparswitchfalse
* \@reversemarginfalse
* (1in=72.27pt=25.4mm, 1cm=28.453pt)


(C:\RES IT Programs\MikTex\tex/latex/translations/dicts\translations-basic-dict
ionary-english.trsl
File: translations-basic-dictionary-english.trsl (english translation file `tra
nslations-basic-dictionary')
)
Package translations Info: loading dictionary `translations-basic-dictionary' f
or `english'. on input line 46.
Package caption Info: Begin \AtBeginDocument code.
Package caption Info: float package is loaded.
Package caption Info: hyperref package is loaded.
Package caption Info: End \AtBeginDocument code.
Package hyperref Info: Link coloring ON on input line 46.
 (C:\RES IT Programs\MikTex\tex/latex/hyperref\nameref.sty
Package: nameref 2021-04-02 v2.47 Cross-referencing by name of section

(C:\Users\D1TMP02\AppData\Roaming\MiKTeX\2.9\tex/latex/refcount\refcount.sty
Package: refcount 2019/12/15 v3.6 Data extraction from label references (HO)
)
(C:\Users\D1TMP02\AppData\Roaming\MiKTeX\2.9\tex/generic/gettitlestring\gettitl
estring.sty
Package: gettitlestring 2019/12/15 v1.6 Cleanup title references (HO)
)
\c@section@level=\count332
)
LaTeX Info: Redefining \ref on input line 46.
LaTeX Info: Redefining \pageref on input line 46.
LaTeX Info: Redefining \nameref on input line 46.

No file main.toc.
(C:\RES IT Programs\MikTex\tex/context/base/mkii\supp-pdf.mkii
[Loading MPS to PDF converter (version 2006.09.02).]
\scratchcounter=\count333
\scratchdimen=\dimen261
\scratchbox=\box111
\nofMPsegments=\count334
\nofMParguments=\count335
\everyMPshowfont=\toks36
\MPscratchCnt=\count336
\MPscratchDim=\dimen262
\MPnumerator=\count337
\makeMPintoPDFobject=\count338
\everyMPtoPDFconversion=\toks37
)
LaTeX Font Info:    Trying to load font information for U+msa on input line 53.

 (C:\RES IT Programs\MikTex\tex/latex/amsfonts\umsa.fd
File: umsa.fd 2013/01/14 v3.01 AMS symbols A
)
LaTeX Font Info:    Trying to load font information for U+msb on input line 53.


(C:\RES IT Programs\MikTex\tex/latex/amsfonts\umsb.fd
File: umsb.fd 2013/01/14 v3.01 AMS symbols B
)
LaTeX Font Info:    Trying to load font information for U+lasy on input line 53
.

(C:\RES IT Programs\MikTex\tex/latex/base\ulasy.fd
File: ulasy.fd 1998/08/17 v2.2e LaTeX symbol font definitions
) [1

{C:/Users/D1TMP02/AppData/Local/MiKTeX/2.9/fonts/map/pdftex/pdftex.map}]

Package natbib Warning: Citation `bastani_how_2020' on page 2 undefined on inpu
t line 72.


Package natbib Warning: Citation `stantcheva_dynamic_2020' on page 2 undefined 
on input line 72.


Package natbib Warning: Citation `debacker_risky_2022' on page 2 undefined on i
nput line 72.


Package natbib Warning: Citation `smith_capitalists_2019' on page 2 undefined o
n input line 72.


Package natbib Warning: Citation `smith_capitalists_2019' on page 2 undefined o
n input line 72.


Package natbib Warning: Citation `cagetti_entrepreneurship_2006' on page 2 unde
fined on input line 74.

[2]

Package natbib Warning: Citation `rogerson_repeated_1985' on page 3 undefined o
n input line 78.

[3] [4]

Package natbib Warning: Citation `ramsey_contribution_1927' on page 5 undefined
 on input line 89.


Package natbib Warning: Citation `chamley_optimal_1986' on page 5 undefined on 
input line 89.


Package natbib Warning: Citation `judd_redistributive_1985' on page 5 undefined
 on input line 89.


Package natbib Warning: Citation `chari_taxing_1999' on page 5 undefined on inp
ut line 89.


Package natbib Warning: Citation `straub_positive_2020' on page 5 undefined on 
input line 89.


Package natbib Warning: Citation `chari_optimal_2020' on page 5 undefined on in
put line 89.


Package natbib Warning: Citation `aiyagari_optimal_1995' on page 5 undefined on
 input line 89.


Package natbib Warning: Citation `conesa_taxing_2009' on page 5 undefined on in
put line 89.


Package natbib Warning: Citation `dyrda_optimal_2022' on page 5 undefined on in
put line 89.


Package natbib Warning: Citation `panousi_optimal_2012' on page 5 undefined on 
input line 89.


Package natbib Warning: Citation `evans_optimal_2014' on page 5 undefined on in
put line 89.


Package natbib Warning: Citation `golosov_optimal_2003' on page 5 undefined on 
input line 91.


Package natbib Warning: Citation `mirrlees_exploration_1971' on page 5 undefine
d on input line 91.


Package natbib Warning: Citation `farhi_insurance_2013' on page 5 undefined on 
input line 91.


Package natbib Warning: Citation `golosov_redistribution_2016' on page 5 undefi
ned on input line 91.


Package natbib Warning: Citation `golosov_policy_2015' on page 5 undefined on i
nput line 91.


Package natbib Warning: Citation `davila_constrained_2012' on page 5 undefined 
on input line 91.


Package natbib Warning: Citation `geanakoplos_existence_1985' on page 5 undefin
ed on input line 91.


Package natbib Warning: Citation `albanesi_optimal_2006' on page 5 undefined on
 input line 91.


Package natbib Warning: Citation `shourideh_optimal_2013' on page 5 undefined o
n input line 91.


Package natbib Warning: Citation `shourideh_optimal_2013' on page 5 undefined o
n input line 91.


Package natbib Warning: Citation `slavik_machines_2014' on page 5 undefined on 
input line 91.

[5]

Package natbib Warning: Citation `gerritsen_optimal_2020' on page 6 undefined o
n input line 93.


Package natbib Warning: Citation `boadway_optimal_2021' on page 6 undefined on 
input line 93.


Package natbib Warning: Citation `kristjansson_optimal_2016' on page 6 undefine
d on input line 93.


Package natbib Warning: Citation `smith_capitalists_2019' on page 6 undefined o
n input line 93.


Package natbib Warning: Citation `phelan_optimal_2021' on page 6 undefined on i
nput line 93.


Package natbib Warning: Citation `boar_optimal_2022' on page 6 undefined on inp
ut line 93.


Package natbib Warning: Citation `guvenen_use_2019' on page 6 undefined on inpu
t line 93.


Package natbib Warning: Citation `quadrini_entrepreneurship_2000' on page 6 und
efined on input line 96.


Package natbib Warning: Citation `cagetti_entrepreneurship_2006' on page 6 unde
fined on input line 96.


Package natbib Warning: Citation `kitao_entrepreneurship_2008' on page 6 undefi
ned on input line 96.


Package natbib Warning: Citation `cagetti_entrepreneurship_2006' on page 6 unde
fined on input line 96.


Package natbib Warning: Citation `bruggemann_higher_2021' on page 6 undefined o
n input line 96.


Package natbib Warning: Citation `panousi_capital_2010' on page 6 undefined on 
input line 96.


Package natbib Warning: Citation `angeletos_uninsured_2007' on page 6 undefined
 on input line 96.


Package natbib Warning: Citation `panousi_capital_2010' on page 6 undefined on 
input line 96.


LaTeX Warning: Reference `PAmodel' on page 6 undefined on input line 98.


LaTeX Warning: Reference `STATsection' on page 6 undefined on input line 98.


LaTeX Warning: Reference `DecenGenEq' on page 6 undefined on input line 98.


LaTeX Warning: Reference `discuss' on page 6 undefined on input line 98.


LaTeX Warning: Reference `numerical' on page 6 undefined on input line 98.


LaTeX Warning: Reference `conc' on page 6 undefined on input line 98.

[6]

Package natbib Warning: Citation `di_tella_optimal_2021' on page 7 undefined on
 input line 105.


Package natbib Warning: Citation `di_tella_optimal_2021' on page 7 undefined on
 input line 105.


LaTeX Warning: Reference `lawpartialDIVERT' on page 7 undefined on input line 1
14.


LaTeX Warning: Reference `STATsection' on page 7 undefined on input line 114.

[7]

LaTeX Warning: Reference `lawpartialDIVERT' on page 8 undefined on input line 1
16.

[8]

LaTeX Warning: Reference `abscondLEMMAlog' on page 9 undefined on input line 14
0.


Overfull \hbox (5.02713pt too wide) in paragraph at lines 143--144
[][]\T1/cmr/bx/n/10.95 Definition 2.2. []\T1/cmr/m/n/10.95 An al-lo-ca-tion $\O
T1/cmr/m/n/10.95 (\OML/cmm/m/it/10.95 k; c; []\OT1/cmr/m/n/10.95 )$ \T1/cmr/m/n
/10.95 is incentive-compatible if $\OML/cmm/m/it/10.95 U[]\OT1/cmr/m/n/10.95 (\
OML/cmm/m/it/10.95 k; c; []\OT1/cmr/m/n/10.95 ; []) \OMS/cmsy/m/n/10.95 ^^U \OM
L/cmm/m/it/10.95 U[]\OT1/cmr/m/n/10.95 (\OML/cmm/m/it/10.95 k; c; []\OT1/cmr/m/
n/10.95 ; \OML/cmm/m/it/10.95 s\OT1/cmr/m/n/10.95 )$
 []


Package natbib Warning: Citation `toda_incomplete_2014' on page 9 undefined on 
input line 146.

[9]

LaTeX Warning: Reference `LoM' on page 10 undefined on input line 161.


Package natbib Warning: Citation `mirrlees_exploration_1971' on page 10 undefin
ed on input line 163.


Package natbib Warning: Citation `rogerson_repeated_1985' on page 10 undefined 
on input line 163.


Package natbib Warning: Citation `golosov_optimal_2003' on page 10 undefined on
 input line 163.

[10]

Package natbib Warning: Citation `di_tella_optimal_2021' on page 11 undefined o
n input line 174.


LaTeX Warning: Reference `existence' on page 11 undefined on input line 174.


LaTeX Warning: Reference `suffLEM' on page 11 undefined on input line 174.


LaTeX Warning: Reference `agency_IC' on page 11 undefined on input line 177.


LaTeX Warning: Reference `corl_IC' on page 11 undefined on input line 177.


LaTeX Warning: Reference `VFxc' on page 11 undefined on input line 194.

[11]

LaTeX Warning: Reference `VFxc' on page 12 undefined on input line 198.


LaTeX Warning: Reference `existence' on page 12 undefined on input line 201.


LaTeX Warning: Reference `agencyAPP' on page 12 undefined on input line 201.


LaTeX Warning: Reference `existence' on page 12 undefined on input line 201.


LaTeX Warning: Reference `VFxc' on page 12 undefined on input line 201.


LaTeX Warning: Reference `existence' on page 12 undefined on input line 212.


LaTeX Warning: Reference `locfeas' on page 12 undefined on input line 215.


LaTeX Warning: Reference `locfeas' on page 12 undefined on input line 215.


LaTeX Warning: Reference `suffLEM' on page 12 undefined on input line 218.


LaTeX Warning: Reference `agencyAPP' on page 12 undefined on input line 218.


LaTeX Warning: Reference `LoM' on page 12 undefined on input line 218.

[12]

LaTeX Warning: Reference `upper' on page 13 undefined on input line 223.


LaTeX Warning: Reference `agencyAPP' on page 13 undefined on input line 223.


LaTeX Warning: Reference `DecenGenEq' on page 13 undefined on input line 229.


LaTeX Warning: Reference `agencyAPP' on page 13 undefined on input line 235.

[13]

LaTeX Warning: Reference `LEMMAwedge' on page 14 undefined on input line 241.


LaTeX Warning: Reference `discuss' on page 14 undefined on input line 241.


LaTeX Warning: Reference `PAmodel' on page 14 undefined on input line 247.

[14]

Package natbib Warning: Citation `angeletos_uninsured_2007' on page 15 undefine
d on input line 251.


LaTeX Warning: Reference `PAmodel' on page 15 undefined on input line 251.


LaTeX Warning: Reference `PAmodel' on page 15 undefined on input line 255.


LaTeX Warning: Reference `PAmodel' on page 15 undefined on input line 257.


LaTeX Warning: Reference `PAmodel' on page 15 undefined on input line 260.


Overfull \hbox (1.12273pt too wide) in paragraph at lines 260--261
\T1/cmr/m/n/10.95 quences $\OT1/cmr/m/n/10.95 (\OML/cmm/m/it/10.95 c[]; k[]; l[
]\OT1/cmr/m/n/10.95 )[]\OML/cmm/m/it/10.95 ; \OT1/cmr/m/n/10.95 (\OML/cmm/m/it/
10.95 v; i\OT1/cmr/m/n/10.95 ) \OMS/cmsy/m/n/10.95 2 []\OT1/cmr/m/n/10.95 (^^H)
$ \T1/cmr/m/n/10.95 for the ini-tial gen-er-a-tion and $\OT1/cmr/m/n/10.95 (\OM
L/cmm/m/it/10.95 c[]; k[]; l[]\OT1/cmr/m/n/10.95 )[]$\T1/cmr/m/n/10.95 ,
 []

[15]

LaTeX Warning: Reference `ARESC' on page 16 undefined on input line 263.


Package natbib Warning: Citation `farhi_inequality_2007' on page 16 undefined o
n input line 270.


LaTeX Warning: Reference `reduct' on page 16 undefined on input line 270.


LaTeX Warning: Reference `Pprob' on page 16 undefined on input line 270.


LaTeX Warning: Reference `PAmodel' on page 16 undefined on input line 272.


LaTeX Warning: Reference `PAmodel' on page 16 undefined on input line 272.


LaTeX Warning: Reference `suffPROP' on page 16 undefined on input line 272.

[16]

LaTeX Warning: Reference `STATapp' on page 17 undefined on input line 283.


LaTeX Warning: Reference `statRCpsi' on page 17 undefined on input line 286.


LaTeX Warning: Reference `existSTAT' on page 17 undefined on input line 286.


LaTeX Warning: Reference `statINEQ' on page 17 undefined on input line 289.


LaTeX Warning: Reference `STATapp' on page 17 undefined on input line 289.


LaTeX Warning: Reference `suffPROP' on page 17 undefined on input line 289.


LaTeX Warning: Reference `existSTAT' on page 17 undefined on input line 292.


LaTeX Warning: Reference `statRCpsi' on page 17 undefined on input line 296.

[17]

LaTeX Warning: Reference `suffPROP' on page 18 undefined on input line 303.


LaTeX Warning: Reference `PAmodel' on page 18 undefined on input line 303.


LaTeX Warning: Reference `PAmodel' on page 18 undefined on input line 303.


LaTeX Warning: Reference `suffPROP' on page 18 undefined on input line 303.


LaTeX Warning: Reference `statINEQ' on page 18 undefined on input line 305.


LaTeX Warning: Reference `PAmodel' on page 18 undefined on input line 305.


Package natbib Warning: Citation `atkeson_efficient_1992' on page 18 undefined 
on input line 305.


Package natbib Warning: Citation `phelan_incentives_1994' on page 18 undefined 
on input line 305.


LaTeX Warning: Reference `PAmodel' on page 18 undefined on input line 307.


LaTeX Warning: Reference `DecenGenEq' on page 18 undefined on input line 307.


LaTeX Warning: Reference `statRCpsi' on page 18 undefined on input line 307.

[18]

LaTeX Warning: Reference `upper' on page 19 undefined on input line 312.


LaTeX Warning: Reference `statRCpsi4' on page 19 undefined on input line 312.


LaTeX Warning: Reference `statINEQ' on page 19 undefined on input line 314.


LaTeX Warning: Reference `STATsection' on page 19 undefined on input line 319.


Package natbib Warning: Citation `atkeson_efficient_1992' on page 19 undefined 
on input line 319.

[19] [20]

LaTeX Warning: Reference `defnPROB' on page 21 undefined on input line 347.

[21]

LaTeX Warning: Reference `agentprobproof' on page 22 undefined on input line 37
1.


LaTeX Warning: Reference `defnPROB' on page 22 undefined on input line 374.


LaTeX Warning: Reference `agentprobLEMMA' on page 22 undefined on input line 37
4.


LaTeX Warning: Reference `defnPROB' on page 22 undefined on input line 382.


LaTeX Warning: Reference `hatomega' on page 22 undefined on input line 382.


LaTeX Warning: Reference `STATsection' on page 22 undefined on input line 385.

[22]

LaTeX Warning: Reference `existSTAT' on page 23 undefined on input line 388.


LaTeX Warning: Reference `zerodriftEQ' on page 23 undefined on input line 401.


LaTeX Warning: Reference `decentDT' on page 23 undefined on input line 401.


LaTeX Warning: Reference `agentprobLEMMA' on page 23 undefined on input line 40
1.


LaTeX Warning: Reference `statINEQ' on page 23 undefined on input line 403.


LaTeX Warning: Reference `zerodriftEQ' on page 23 undefined on input line 405.

[23]

LaTeX Warning: Reference `LEMMAwedge' on page 24 undefined on input line 407.


LaTeX Warning: Reference `zerodriftEQ' on page 24 undefined on input line 407.


LaTeX Warning: Reference `decentDT' on page 24 undefined on input line 407.


LaTeX Warning: Reference `zerodriftEQ' on page 24 undefined on input line 416.


LaTeX Warning: Reference `DecenGenEq' on page 24 undefined on input line 418.


LaTeX Warning: Reference `zerodriftEQ' on page 24 undefined on input line 418.


LaTeX Warning: Reference `zerodriftEQ' on page 24 undefined on input line 418.

[24]

Package natbib Warning: Citation `chari_optimal_1999' on page 25 undefined on i
nput line 420.


LaTeX Warning: Reference `defnPROB' on page 25 undefined on input line 422.


LaTeX Warning: Reference `agentprobLEMMA' on page 25 undefined on input line 42
4.


Package natbib Warning: Citation `domar_proportional_1944' on page 25 undefined
 on input line 424.


Package natbib Warning: Citation `boadway_optimal_2021' on page 25 undefined on
 input line 424.

[25]

Package natbib Warning: Citation `domar_proportional_1944' on page 26 undefined
 on input line 428.


Package natbib Warning: Citation `smith_capitalists_2019' on page 26 undefined 
on input line 432.


Package natbib Warning: Citation `di_tella_uncertainty_2017' on page 26 undefin
ed on input line 432.


LaTeX Warning: Reference `DecenGenEq' on page 26 undefined on input line 432.


LaTeX Warning: Reference `defnPROB' on page 26 undefined on input line 432.


LaTeX Warning: Reference `zerodriftEQ' on page 26 undefined on input line 432.

[26]

LaTeX Warning: Reference `statINEQ' on page 27 undefined on input line 436.


LaTeX Warning: Reference `hetero_ent' on page 27 undefined on input line 436.


LaTeX Warning: Reference `zerodriftEQ' on page 27 undefined on input line 436.


LaTeX Warning: Reference `PAmodel' on page 27 undefined on input line 436.


LaTeX Warning: Reference `LEMMAwedge' on page 27 undefined on input line 436.

[27]

Package natbib Warning: Citation `quadrini_entrepreneurship_2000' on page 28 un
defined on input line 438.


Package natbib Warning: Citation `cagetti_entrepreneurship_2006' on page 28 und
efined on input line 438.


LaTeX Warning: Reference `DecenGenEq' on page 28 undefined on input line 438.


LaTeX Warning: Reference `zerodriftEQ' on page 28 undefined on input line 440.


Package natbib Warning: Citation `albanesi_optimal_2006' on page 28 undefined o
n input line 440.


Package natbib Warning: Citation `shourideh_optimal_2013' on page 28 undefined 
on input line 440.


Package natbib Warning: Citation `albanesi_optimal_2006' on page 28 undefined o
n input line 442.


Package natbib Warning: Citation `albanesi_optimal_2006' on page 28 undefined o
n input line 442.


Package natbib Warning: Citation `shourideh_optimal_2013' on page 28 undefined 
on input line 444.


Package natbib Warning: Citation `shourideh_optimal_2013' on page 28 undefined 
on input line 444.


LaTeX Warning: Reference `LEMMAwedge' on page 28 undefined on input line 444.


LaTeX Warning: Reference `DecenGenEq' on page 28 undefined on input line 444.

[28]

Package natbib Warning: Citation `panousi_optimal_2012' on page 29 undefined on
 input line 446.


Package natbib Warning: Citation `panousi_optimal_2012' on page 29 undefined on
 input line 446.


LaTeX Warning: Reference `negS' on page 29 undefined on input line 446.


LaTeX Warning: Reference `DecenGenEq' on page 29 undefined on input line 451.


LaTeX Warning: Reference `figuresAPP' on page 29 undefined on input line 451.


LaTeX Warning: Reference `discuss' on page 29 undefined on input line 451.


LaTeX Warning: Reference `tax' on page 29 undefined on input line 458.


Package natbib Warning: Citation `cagetti_entrepreneurship_2006' on page 29 und
efined on input line 458.


LaTeX Warning: Reference `negS' on page 29 undefined on input line 458.

[29]
Package epstopdf Info: Source file: <./figures//taxes_entrepreneurs1.0.eps>
(epstopdf)                    date: 2022-08-17 17:08:56
(epstopdf)                    size: 42396 bytes
(epstopdf)             Output file: <./taxes_entrepreneurs1.0-eps-converted-to.
pdf>
(epstopdf)             Command: <miktex-epstopdf --outfile=./taxes_entrepreneur
s1.0-eps-converted-to.pdf ./figures//taxes_entrepreneurs1.0.eps>
(epstopdf)             \includegraphics on input line 464.
runsystem(miktex-epstopdf --outfile=./taxes_entrepreneurs1.0-eps-converted-to.p
df ./figures//taxes_entrepreneurs1.0.eps)...executed safely (allowed).

Package epstopdf Info: Result file: <./taxes_entrepreneurs1.0-eps-converted-to.
pdf>
(epstopdf)                    date: 2022-08-19 14:32:28
(epstopdf)                    size: 6048 bytes.

!pdfTeX error: pdflatex (file ./taxes_entrepreneurs1.0-eps-converted-to.pdf): x
pdf: reading PDF image failed
 ==> Fatal error occurred, no output PDF file produced!
